<?xml version="1.0" encoding="UTF-8"?>
<!-- Generated by org.testng.reporters.JUnitXMLReporter -->
<testsuite hostname="Suraj-Ak47-PC" ignored="0" name="Surefire test" tests="6" failures="0" timestamp="2021-05-11T20:40:37 IST" time="0.094" errors="0">
  <testcase name="IOSApps" time="0.011" classname="QAClickAcademy.MavenJava.AppiumTest"/>
  <testcase name="NativeAppAndroid" time="0.001" classname="QAClickAcademy.MavenJava.AppiumTest"/>
  <testcase name="DeleteTwitter" time="0.001" classname="QAClickAcademy.MavenJava.RestAPITest"/>
  <testcase name="PostJiraTest" time="0.001" classname="QAClickAcademy.MavenJava.RestAPITest"/>
  <testcase name="BrowserAutomation" time="0.001" classname="QAClickAcademy.MavenJava.SeleniumTest"/>
  <testcase name="ElementsUI" time="0.001" classname="QAClickAcademy.MavenJava.SeleniumTest"/>
</testsuite> <!-- Surefire test -->
