<?xml version="1.0" encoding="UTF-8"?>
<testng-results skipped="0" failed="0" ignored="0" total="6" passed="6">
  <reporter-output>
  </reporter-output>
  <suite name="Surefire suite" duration-ms="94" started-at="2021-05-11T20:40:37 IST" finished-at="2021-05-11T20:40:37 IST">
    <groups>
    </groups>
    <test name="Surefire test" duration-ms="94" started-at="2021-05-11T20:40:37 IST" finished-at="2021-05-11T20:40:37 IST">
      <class name="QAClickAcademy.MavenJava.SeleniumTest">
        <test-method status="PASS" signature="BrowserAutomation()[pri:0, instance:QAClickAcademy.MavenJava.SeleniumTest@30b8a058]" name="BrowserAutomation" duration-ms="1" started-at="2021-05-11T20:40:37 IST" finished-at="2021-05-11T20:40:37 IST">
          <reporter-output>
          </reporter-output>
        </test-method> <!-- BrowserAutomation -->
        <test-method status="PASS" signature="ElementsUI()[pri:0, instance:QAClickAcademy.MavenJava.SeleniumTest@30b8a058]" name="ElementsUI" duration-ms="1" started-at="2021-05-11T20:40:37 IST" finished-at="2021-05-11T20:40:37 IST">
          <reporter-output>
          </reporter-output>
        </test-method> <!-- ElementsUI -->
      </class> <!-- QAClickAcademy.MavenJava.SeleniumTest -->
      <class name="QAClickAcademy.MavenJava.RestAPITest">
        <test-method status="PASS" signature="DeleteTwitter()[pri:0, instance:QAClickAcademy.MavenJava.RestAPITest@68bbe345]" name="DeleteTwitter" duration-ms="1" started-at="2021-05-11T20:40:37 IST" finished-at="2021-05-11T20:40:37 IST">
          <reporter-output>
          </reporter-output>
        </test-method> <!-- DeleteTwitter -->
        <test-method status="PASS" signature="PostJiraTest()[pri:0, instance:QAClickAcademy.MavenJava.RestAPITest@68bbe345]" name="PostJiraTest" duration-ms="1" started-at="2021-05-11T20:40:37 IST" finished-at="2021-05-11T20:40:37 IST">
          <reporter-output>
          </reporter-output>
        </test-method> <!-- PostJiraTest -->
      </class> <!-- QAClickAcademy.MavenJava.RestAPITest -->
      <class name="QAClickAcademy.MavenJava.AppiumTest">
        <test-method status="PASS" signature="IOSApps()[pri:0, instance:QAClickAcademy.MavenJava.AppiumTest@cd2dae5]" name="IOSApps" duration-ms="11" started-at="2021-05-11T20:40:37 IST" finished-at="2021-05-11T20:40:37 IST">
          <reporter-output>
          </reporter-output>
        </test-method> <!-- IOSApps -->
        <test-method status="PASS" signature="NativeAppAndroid()[pri:0, instance:QAClickAcademy.MavenJava.AppiumTest@cd2dae5]" name="NativeAppAndroid" duration-ms="1" started-at="2021-05-11T20:40:37 IST" finished-at="2021-05-11T20:40:37 IST">
          <reporter-output>
          </reporter-output>
        </test-method> <!-- NativeAppAndroid -->
      </class> <!-- QAClickAcademy.MavenJava.AppiumTest -->
    </test> <!-- Surefire test -->
  </suite> <!-- Surefire suite -->
</testng-results>
