<?xml version="1.0" encoding="UTF-8"?>
<!-- Generated by org.testng.reporters.JUnitXMLReporter -->
<testsuite hostname="Suraj-Ak47-PC" ignored="0" name="Test" tests="6" failures="0" timestamp="11 May 2021 14:31:55 GMT" time="0.149" errors="0">
  <testcase name="BrowserAutomation" time="0.013" classname="QAClickAcademy.MavenJava.SeleniumTest"/>
  <testcase name="ElementsUI" time="0.001" classname="QAClickAcademy.MavenJava.SeleniumTest"/>
  <testcase name="IOSApps" time="0.005" classname="QAClickAcademy.MavenJava.AppiumTest"/>
  <testcase name="NativeAppAndroid" time="0.001" classname="QAClickAcademy.MavenJava.AppiumTest"/>
  <testcase name="DeleteTwitter" time="0.001" classname="QAClickAcademy.MavenJava.RestAPITest"/>
  <testcase name="PostJiraTest" time="0.001" classname="QAClickAcademy.MavenJava.RestAPITest"/>
</testsuite> <!-- Test -->
